./build/lib/my/free_double_ptr.o:1: MAJOR:C-O1
./build/lib/my/is_digit.o:1: MAJOR:C-O1
./build/lib/my/is_letter.o:1: MAJOR:C-O1
./build/lib/my/libmy.a:1: MAJOR:C-O1
./build/lib/my/mini_printf.o:1: MAJOR:C-O1
./build/lib/my/my_getnbr.o:1: MAJOR:C-O1
./build/lib/my/my_intlen.o:1: MAJOR:C-O1
./build/lib/my/my_itoa.o:1: MAJOR:C-O1
./build/lib/my/my_perror.o:1: MAJOR:C-O1
./build/lib/my/my_pow.o:1: MAJOR:C-O1
./build/lib/my/my_put_nbr.o:1: MAJOR:C-O1
./build/lib/my/my_putchar.o:1: MAJOR:C-O1
./build/lib/my/my_putstr.o:1: MAJOR:C-O1
./build/lib/my/my_putstr_error.o:1: MAJOR:C-O1
./build/lib/my/my_sqrt.o:1: MAJOR:C-O1
./build/lib/my/my_strcat.o:1: MAJOR:C-O1
./build/lib/my/my_strcmp.o:1: MAJOR:C-O1
./build/lib/my/my_strcpy.o:1: MAJOR:C-O1
./build/lib/my/my_strdup.o:1: MAJOR:C-O1
./build/lib/my/my_strlen.o:1: MAJOR:C-O1
./build/lib/my/my_strncat.o:1: MAJOR:C-O1
./build/lib/my/my_strncmp.o:1: MAJOR:C-O1
./build/lib/my/my_strncpy.o:1: MAJOR:C-O1
./build/src/builtin_commands/display_env.o:1: MAJOR:C-O1
./build/src/builtin_commands/my_cd.o:1: MAJOR:C-O1
./build/src/builtin_commands/set_env_var.o:1: MAJOR:C-O1
./build/src/builtin_commands/unset_env_var.o:1: MAJOR:C-O1
./build/src/env/add_env_var.o:1: MAJOR:C-O1
./build/src/env/check_env_var_syntax.o:1: MAJOR:C-O1
./build/src/env/create_env.o:1: MAJOR:C-O1
./build/src/env/delete_env_var.o:1: MAJOR:C-O1
./build/src/env/free_env.o:1: MAJOR:C-O1
./build/src/env/free_env_var.o:1: MAJOR:C-O1
./build/src/env/get_env_as_array.o:1: MAJOR:C-O1
./build/src/env/get_env_as_ll.o:1: MAJOR:C-O1
./build/src/env/get_env_var.o:1: MAJOR:C-O1
./build/src/execution/check_for_builtin_commands.o:1: MAJOR:C-O1
./build/src/execution/execute.o:1: MAJOR:C-O1
./build/src/execution/get_binary.o:1: MAJOR:C-O1
./build/src/execution/get_formatted_command.o:1: MAJOR:C-O1
./build/src/execution/handle_execution.o:1: MAJOR:C-O1
./build/src/execution/is_path.o:1: MAJOR:C-O1
./build/src/history/add_history_record.o:1: MAJOR:C-O1
./build/src/history/create_history.o:1: MAJOR:C-O1
./build/src/history/free_history.o:1: MAJOR:C-O1
./build/src/history/print_history.o:1: MAJOR:C-O1
./build/src/main.o:1: MAJOR:C-O1
./build/src/shell_loop/shell_loop.o:1: MAJOR:C-O1
./build/src/signal_messages/get_signal_message.o:1: MAJOR:C-O1
./build/src/special_expressions/find_special_expression.o:1: MAJOR:C-O1
./build/src/special_expressions/free_special_expressions.o:1: MAJOR:C-O1
./build/src/special_expressions/get_special_expressions.o:1: MAJOR:C-O1
./build/src/special_expressions/get_translated_string_size.o:1: MAJOR:C-O1
./build/src/special_expressions/handle_special_expressions.o:1: MAJOR:C-O1
./build/tests/env_tests.o:1: MAJOR:C-O1
./build/tests/execution_tests.o:1: MAJOR:C-O1
./build/tests/history_tests.o:1: MAJOR:C-O1
./build/tests/lib_tests.o:1: MAJOR:C-O1
./build/tests/special_expressions_tests.o:1: MAJOR:C-O1
./mysh:1: MAJOR:C-O1
./unit_tests:1: MAJOR:C-O1
